2014-09-17 12:12:50.872 ReadEveryWord[5562:70b] Multi-tasking -> Device: YES, App: YES
2014-09-17 12:12:50.895 ReadEveryWord[5562:70b] Unlimited access to network resources
2014-09-17 12:12:50.898 ReadEveryWord[5562:70b] 

Started backup to iCloud! Please be careful.
Your application might rejected by Apple if you store too much data.
For more information please read "iOS Data Storage Guidelines"
You could find it at the following address https://developer.apple.com/icloud/documentation/data-storage/ .

2014-09-17 12:12:51.101 ReadEveryWord[5562:70b] CDVPlugin class CDVSplashScreen (pluginName: splashscreen) does not exist.
2014-09-17 12:12:51.101 ReadEveryWord[5562:70b] [CDVTimer][splashscreen] 0.530005ms
2014-09-17 12:12:51.102 ReadEveryWord[5562:70b] [CDVTimer][TotalPluginStartup] 0.981987ms
2014-09-17 12:12:51.249 ReadEveryWord[5562:70b] Resetting plugins due to page load.
2014-09-17 12:12:51.447 ReadEveryWord[5562:70b] Finished load of: file:///Users/michaeldudley/Library/Application%20Support/iPhone%20Simulator/7.1/Applications/C4283F1E-87FF-429C-B581-DB2B3A76EE46/ReadEveryWord.app/www/index.html
2014-09-17 12:13:24.909 ReadEveryWord[5712:70b] Multi-tasking -> Device: YES, App: YES
2014-09-17 12:13:24.915 ReadEveryWord[5712:70b] Unlimited access to network resources
2014-09-17 12:13:24.917 ReadEveryWord[5712:70b] 

Started backup to iCloud! Please be careful.
Your application might rejected by Apple if you store too much data.
For more information please read "iOS Data Storage Guidelines"
You could find it at the following address https://developer.apple.com/icloud/documentation/data-storage/ .

2014-09-17 12:13:24.932 ReadEveryWord[5712:70b] CDVPlugin class CDVSplashScreen (pluginName: splashscreen) does not exist.
2014-09-17 12:13:24.932 ReadEveryWord[5712:70b] [CDVTimer][splashscreen] 0.425994ms
2014-09-17 12:13:24.932 ReadEveryWord[5712:70b] [CDVTimer][TotalPluginStartup] 0.800967ms
2014-09-17 12:13:25.026 ReadEveryWord[5712:70b] Resetting plugins due to page load.
2014-09-17 12:13:25.154 ReadEveryWord[5712:70b] Finished load of: file:///Users/michaeldudley/Library/Application%20Support/iPhone%20Simulator/7.1/Applications/E12D124C-6C9C-485E-B10C-49D361377757/ReadEveryWord.app/www/index.html
